AS:  armv7-m/gnu/up_saveusercontext.S
CC:  clock/clock_getres.c
CC:  mm_heap/mm_brkaddr.c
CC:  boardctl.c
CXX:  libxx_new.cxx
CC:  inode/fs_inode.c
AS:  armv7-m/gnu/up_fullcontextrestore.S
CC:  endian/lib_swap64.c
AS:  armv7-m/gnu/up_switchcontext.S
CC:  mm_heap/mm_calloc.c
CC:  clock/clock_time2ticks.c
CXX:  libxx_newa.cxx
CC:  fixedmath/lib_fixedmath.c
AS:  armv7-m/gnu/up_testset.S
CC:  binfmt_loadmodule.c
AR:   boardctl.o 
CC:  mm_heap/mm_extend.c
AS:  armv7-m/gnu/up_fetchadd.S
CC:  inode/fs_inodeaddref.c
CC:  clock/clock_abstime2ticks.c
CC:  fixedmath/lib_b16sin.c
AS:  armv7-m/gnu/vfork.S
CXX:  libxx_stdthrow.cxx
AS:  armv7-m/gnu/up_exception.S
CC:  mm_heap/mm_free.c
CC:  clock/clock_ticks2time.c
AS:  armv7-m/gnu/up_fpu.S
CC:  fixedmath/lib_b16cos.c
CC:  inode/fs_inodebasename.c
CXX:  libxx_cxa_guard.cxx
CC:  binfmt_unloadmodule.c
CC:  bch/bchlib_teardown.c
CC:  chip/stm32_allocateheap.c
CC:  mm_heap/mm_mallinfo.c
CC:  clock/clock_systimer.c
CC:  fixedmath/lib_b16atan2.c
AR:    libxx_cxapurevirtual.o libxx_eabi_atexit.o libxx_cxa_atexit.o libxx_delete.o libxx_delete_sized.o libxx_deletea.o libxx_deletea_sized.o libxx_new.o libxx_newa.o libxx_stdthrow.o libxx_cxa_guard.o
CC:  mm_heap/mm_malloc.c
CC:  inode/fs_inodefind.c
CC:  clock/clock_systimespec.c
CC:  fixedmath/lib_ubsqrt.c
CC:  binfmt_execmodule.c
CC:  chip/stm32_start.c
CC:  mm_heap/mm_memalign.c
CC:  clock/clock_timespec_add.c
CC:  inttypes/lib_imaxabs.c
CC:  inode/fs_inodefree.c
CC:  clock/clock_timespec_subtract.c
CC:  inttypes/lib_strtoimax.c
CC:  mm_heap/mm_realloc.c
CC:  bch/bchlib_read.c
CC:  chip/stm32_rcc.c
CC:  binfmt_exec.c
CC:  inode/fs_inoderelease.c
CC:  clock/clock.c
CC:  errno/errno_getptr.c
CC:  inttypes/lib_strtoumax.c
CC:  inode/fs_inoderemove.c
CC:  mm_heap/mm_zalloc.c
CC:  binfmt_copyargv.c
CC:  chip/stm32_lse.c
CC:  environ/env_getenvironptr.c
CC:  libgen/lib_basename.c
CC:  mm_heap/mm_heapmember.c
CC:  chip/stm32_lsi.c
CC:  inode/fs_inodereserve.c
CC:  binfmt_dumpmodule.c
CC:  libgen/lib_dirname.c
CC:  umm_heap/umm_initialize.c
CC:  environ/env_dup.c
CC:  bch/bchlib_write.c
CC:  chip/stm32_gpio.c
CC:  lzf/lzf_c.c
CC:  umm_heap/umm_addregion.c
CC:  builtin.c
CC:  inode/fs_inodesearch.c
CC:  umm_heap/umm_sem.c
CC:  environ/env_release.c
CC:  umm_heap/umm_brkaddr.c
CC:  chip/stm32_exti_gpio.c
CC:  libbuiltin/libbuiltin_getname.c
CC:  inode/fs_fileopen.c
CC:  environ/env_findvar.c
CC:  umm_heap/umm_calloc.c
CC:  lzf/lzf_d.c
CC:  bch/bchlib_cache.c
CC:  libbuiltin/libbuiltin_isavail.c
CC:  umm_heap/umm_extend.c
CC:  inode/fs_filedetach.c
CC:  environ/env_removevar.c
CC:  chip/stm32_flash.c
AR:   binfmt_globals.o binfmt_initialize.o binfmt_register.o binfmt_unregister.o binfmt_loadmodule.o binfmt_unloadmodule.o binfmt_execmodule.o binfmt_exec.o binfmt_copyargv.o binfmt_dumpmodule.o builtin.o libbuiltin_getname.o libbuiltin_isavail.o
CC:  umm_heap/umm_free.c
CC:  misc/lib_stream.c
CC:  inode/fs_fileclose.c
CC:  umm_heap/umm_mallinfo.c
CC:  environ/env_clearenv.c
CC:  umm_heap/umm_malloc.c
CC:  misc/lib_utsname.c
CC:  vfs/fs_close.c
CC:  environ/env_getenv.c
CC:  umm_heap/umm_memalign.c
CC:  chip/stm32_irq.c
CC:  misc/lib_xorshift128.c
CC:  umm_heap/umm_realloc.c
CC:  vfs/fs_dup.c
CC:  environ/env_putenv.c
CC:  umm_heap/umm_zalloc.c
CC:  misc/lib_tea_encrypt.c
CC:  vfs/fs_dup2.c
CC:  umm_heap/umm_heapmember.c
CC:  bch/bchlib_sem.c
CC:  chip/stm32_dma.c
CC:  environ/env_setenv.c
CC:  misc/lib_tea_decrypt.c
CC:  umm_heap/umm_globals.c
CC:  vfs/fs_fcntl.c
CC:  misc/lib_filesem.c
CC:  mm_gran/mm_graninit.c
CC:  environ/env_unsetenv.c
CC:  misc/lib_umul32.c
CC:  vfs/fs_dupfd.c
CC:  mm_gran/mm_granrelease.c
CC:  environ/env_foreach.c
CC:  misc/lib_umul64.c
CC:  chip/stm32_lowputc.c
CC:  misc/lib_umul32x64.c
CC:  vfs/fs_dupfd2.c
CC:  mm_gran/mm_granreserve.c
CC:  group/group_create.c
CC:  misc/lib_uadd32x64.c
CC:  mm_gran/mm_granalloc.c
CC:  chip/stm32_serial.c
CC:  bch/bchdev_register.c
CC:  vfs/fs_epoll.c
CC:  misc/lib_uadd64.c
CC:  group/group_join.c
CC:  mm_gran/mm_granmark.c
CC:  misc/lib_usub64x32.c
CC:  group/group_leave.c
CC:  mm_gran/mm_granfree.c
CC:  vfs/fs_fstat.c
CC:  misc/lib_usub64.c
CC:  mm_gran/mm_graninfo.c
CC:  group/group_find.c
CC:  misc/lib_sendfile.c
CC:  vfs/fs_fstatfs.c
CC:  group/group_setupstreams.c
CC:  misc/lib_streamsem.c
CC:  mm_gran/mm_grancritical.c
CC:  vfs/fs_getfilep.c
CC:  bch/bchdev_unregister.c
CC:  group/group_setupidlefiles.c
AR:    bin/mm_initialize.o  bin/mm_sem.o  bin/mm_addfreechunk.o  bin/mm_size2ndx.o  bin/mm_shrinkchunk.o  bin/mm_brkaddr.o  bin/mm_calloc.o  bin/mm_extend.o  bin/mm_free.o  bin/mm_mallinfo.o  bin/mm_malloc.o  bin/mm_memalign.o  bin/mm_realloc.o  bin/mm_zalloc.o  bin/mm_heapmember.o  bin/umm_initialize.o  bin/umm_addregion.o  bin/umm_sem.o  bin/umm_brkaddr.o  bin/umm_calloc.o  bin/umm_extend.o  bin/umm_free.o  bin/umm_mallinfo.o  bin/umm_malloc.o  bin/umm_memalign.o  bin/umm_realloc.o  bin/umm_zalloc.o  bin/umm_heapmember.o  bin/umm_globals.o  bin/mm_graninit.o  bin/mm_granrelease.o  bin/mm_granreserve.o  bin/mm_granalloc.o  bin/mm_granmark.o  bin/mm_granfree.o  bin/mm_graninfo.o  bin/mm_grancritical.o
CC:  chip/stm32_spi.c
CC:  misc/lib_mkfifo.c
CC:  vfs/fs_ioctl.c
CC:  misc/lib_crc64.c
CC:  group/group_setuptaskfiles.c
CC:  misc/lib_crc32.c
CC:  vfs/fs_lseek.c
CC:  misc/lib_crc16.c
CC:  group/group_foreachchild.c
CC:  chip/stm32_i2s.c
CC:  bch/bchdev_driver.c
CC:  misc/lib_crc8.c
CC:  vfs/fs_mkdir.c
CC:  group/group_killchildren.c
CC:  misc/lib_crc8ccitt.c
CC:  chip/stm32_sdio.c
CC:  group/group_waiter.c
CC:  vfs/fs_open.c
CC:  misc/lib_dumpbuffer.c
CC:  group/group_suspendchildren.c
CC:  misc/lib_match.c
CC:  vfs/fs_poll.c
CC:  group/group_continue.c
CC:  i2c/i2c_read.c
CC:  net/lib_addrconfig.c
CC:  group/group_signal.c
CC:  net/lib_etherntoa.c
CC:  vfs/fs_read.c
CC:  init/os_start.c
CC:  net/lib_htons.c
CC:  chip/stm32_tim.c
CC:  vfs/fs_rename.c
CC:  i2c/i2c_write.c
CC:  net/lib_htonl.c
CC:  init/os_bringup.c
CC:  net/lib_inetaddr.c
CC:  irq/irq_initialize.c
CC:  vfs/fs_rmdir.c
CC:  net/lib_inetaton.c
CC:  i2c/i2c_writeread.c
CC:  irq/irq_attach.c
CC:  net/lib_inetntoa.c
CC:  chip/stm32_waste.c
CC:  vfs/fs_statfs.c
CC:  net/lib_inetntop.c
CC:  chip/stm32_ccm.c
CC:  irq/irq_dispatch.c
CC:  chip/stm32_uid.c
CC:  vfs/fs_stat.c
CC:  net/lib_inetpton.c
CC:  irq/irq_unexpectedisr.c
CC:  chip/stm32_capture.c
CC:  loop/losetup.c
CC:  pthread/pthread_attr_init.c
CC:  mqueue/mq_send.c
CC:  vfs/fs_select.c
CC:  chip/stm32_timerisr.c
CC:  pthread/pthread_attr_destroy.c
CC:  mqueue/mq_timedsend.c
CC:  pthread/pthread_attr_setschedpolicy.c
CC:  vfs/fs_unlink.c
CC:  chip/stm32f40xxx_i2c.c
CC:  pthread/pthread_attr_getschedpolicy.c
CC:  mqueue/mq_sndinternal.c
CC:  mmcsd/mmcsd_sdio.c
CC:  vfs/fs_write.c
CC:  pthread/pthread_attr_setinheritsched.c
CC:  pthread/pthread_attr_getinheritsched.c
CC:  mqueue/mq_receive.c
CC:  vfs/fs_fsync.c
CC:  pthread/pthread_attr_setstacksize.c
CC:  mqueue/mq_timedreceive.c
CC:  vfs/fs_truncate.c
CC:  pthread/pthread_attr_getstacksize.c
CC:  chip/stm32_otgfsdev.c
CC:  pthread/pthread_attr_setstack.c
CC:  vfs/fs_pread.c
CC:  mqueue/mq_rcvinternal.c
CC:  pthread/pthread_attr_getstack.c
CC:  vfs/fs_pwrite.c
CC:  pthread/pthread_attr_setschedparam.c
CC:  mqueue/mq_initialize.c
CC:  vfs/fs_link.c
CC:  pthread/pthread_attr_getschedparam.c
CC:  vfs/fs_readlink.c
CC:  pthread/pthread_barrierattr_init.c
CC:  mtd/ftl.c
CC:  mqueue/mq_descreate.c
CC:  vfs/fs_fdopen.c
CC:  pthread/pthread_barrierattr_destroy.c
CC:  mqueue/mq_desclose.c
CC:  pthread/pthread_barrierattr_getpshared.c
CC:  driver/fs_registerdriver.c
CC:  mqueue/mq_msgfree.c
CC:  pthread/pthread_barrierattr_setpshared.c
CC:  driver/fs_unregisterdriver.c
CC:  mqueue/mq_msgqalloc.c
CC:  pthread/pthread_barrierinit.c
CC:  driver/fs_registerblockdriver.c
CC:  pthread/pthread_barrierdestroy.c
CC:  mtd/mtd_config.c
CC:  mqueue/mq_msgqfree.c
CC:  pthread/pthread_barrierwait.c
CC:  driver/fs_unregisterblockdriver.c
CC:  mqueue/mq_release.c
CC:  pthread/pthread_condattr_init.c
CC:  driver/fs_findblockdriver.c
CC:  mqueue/mq_recover.c
CC:  chip/stm32_idle.c
CC:  pthread/pthread_condattr_destroy.c
CC:  mtd/mtd_partition.c
CC:  mqueue/mq_setattr.c
CC:  driver/fs_openblockdriver.c
CC:  pthread/pthread_condinit.c
CC:  chip/stm32_pmstop.c
CC:  mqueue/mq_getattr.c
CC:  pthread/pthread_conddestroy.c
CC:  driver/fs_closeblockdriver.c
CC:  chip/stm32_pmstandby.c
CC:  mqueue/mq_waitirq.c
CC:  pthread/pthread_mutexattr_init.c
CC:  chip/stm32_pmsleep.c
CC:  driver/fs_blockpartition.c
CC:  pthread/pthread_mutexattr_destroy.c
CC:  mqueue/mq_notify.c
CC:  chip/stm32_pminitialize.c
CC:  pthread/pthread_mutexattr_getpshared.c
CC:  paging/pg_miss.c
CC:  chip/stm32_pwr.c
CC:  driver/fs_registermtddriver.c
CC:  pthread/pthread_mutexattr_setpshared.c
CC:  mtd/ramtron.c
CC:  paging/pg_worker.c
CC:  pthread/pthread_mutexattr_setprotocol.c
CC:  driver/fs_unregistermtddriver.c
CC:  chip/stm32_exti_pwr.c
CC:  pthread/pthread_keycreate.c
CC:  pthread/pthread_mutexattr_getprotocol.c
CC:  driver/fs_findmtddriver.c
CC:  chip/stm32_rtc.c
CC:  pthread/pthread_mutexattr_settype.c
CC:  pthread/pthread_setspecific.c
CC:  driver/fs_mtdproxy.c
CC:  pthread/pthread_mutexattr_gettype.c
CC:  pthread/pthread_getspecific.c
CC:  pthread/pthread_mutexattr_setrobust.c
CC:  pipes/pipe.c
CC:  driver/fs_mtdpartition.c
CC:  pthread/pthread_mutexattr_getrobust.c
CC:  pthread/pthread_keydelete.c
CC:  chip/stm32_adc.c
CC:  pthread/pthread_setcancelstate.c
CC:  driver/fs_blockproxy.c
CC:  pthread/pthread_create.c
CC:  pthread/pthread_setcanceltype.c
CC:  dirent/fs_closedir.c
CC:  pthread/pthread_exit.c
CC:  pthread/pthread_testcancel.c
CC:  pipes/fifo.c
CC:  dirent/fs_opendir.c
CC:  pthread/pthread_rwlock.c
CC:  pthread/pthread_join.c
CC:  chip/stm32_wwdg.c
CC:  pthread/pthread_rwlock_rdlock.c
CC:  pthread/pthread_detach.c
CC:  dirent/fs_readdir.c
CC:  pipes/pipe_common.c
CC:  pthread/pthread_rwlock_wrlock.c
CC:  pthread/pthread_getschedparam.c
CC:  dirent/fs_rewinddir.c
CC:  chip/stm32_bbsram.c
CC:  pthread/pthread_once.c
CC:  pthread/pthread_setschedparam.c
CC:  pthread/pthread_yield.c
CC:  dirent/fs_seekdir.c
CC:  pthread/pthread_mutexinit.c
CC:  queue/sq_addlast.c
CC:  pthread/pthread_mutexdestroy.c
CC:  mmap/fs_mmap.c
CC:  queue/sq_addfirst.c
CC:  armv7-m/up_assert.c
CC:  queue/sq_addafter.c
CC:  pthread/pthread_mutexlock.c
CC:  mqueue/mq_open.c
CC:  queue/sq_cat.c
CC:  pthread/pthread_mutextrylock.c
CC:  serial/serial.c
CC:  queue/sq_rem.c
CC:  mqueue/mq_close.c
CC:  armv7-m/up_blocktask.c
CC:  queue/sq_remlast.c
CC:  pthread/pthread_mutexunlock.c
CC:  queue/sq_remfirst.c
CC:  mqueue/mq_unlink.c
CC:  pthread/pthread_condwait.c
CC:  armv7-m/up_copyfullstate.c
CC:  queue/sq_remafter.c
CC:  common/up_createstack.c
CC:  pthread/pthread_condsignal.c
CC:  mount/fs_mount.c
CC:  queue/sq_count.c
CC:  queue/dq_addlast.c
CC:  pthread/pthread_condbroadcast.c
CC:  common/up_exit.c
CC:  mount/fs_umount2.c
CC:  queue/dq_addfirst.c
CC:  pthread/pthread_cancel.c
CC:  armv7-m/up_hardfault.c
CC:  queue/dq_addafter.c
CC:  mount/fs_foreachmountpoint.c
CC:  pthread/pthread_initialize.c
CC:  queue/dq_addbefore.c
CC:  serial/serial_io.c
CC:  common/up_initialize.c
CC:  queue/dq_cat.c
CC:  pthread/pthread_completejoin.c
CC:  partition/fs_partition.c
CC:  queue/dq_rem.c
CC:  armv7-m/up_initialstate.c
CC:  fat/fs_fat32.c
CC:  queue/dq_remlast.c
CC:  common/up_interruptcontext.c
CC:  pthread/pthread_findjoininfo.c
CC:  queue/dq_remfirst.c
CC:  serial/lowconsole.c
CC:  common/up_mdelay.c
CC:  queue/dq_count.c
CC:  pthread/pthread_release.c
CC:  sched/sched_getprioritymax.c
CC:  armv7-m/up_memfault.c
CC:  pthread/pthread_setschedprio.c
CC:  sched/sched_getprioritymin.c
CC:  common/up_modifyreg8.c
CC:  pthread/pthread_mutex.c
CC:  serial/tcdrain.c
CC:  sched/task_setcanceltype.c
CC:  common/up_modifyreg16.c
CC:  sched/task_testcancel.c
CC:  pthread/pthread_mutexconsistent.c
CC:  common/up_modifyreg32.c
CC:  semaphore/sem_init.c
CC:  fat/fs_fat32dirent.c
CC:  spi/spi_transfer.c
CC:  armv7-m/up_releasepending.c
CC:  pthread/pthread_mutexinconsistent.c
CC:  semaphore/sem_getprotocol.c
CC:  semaphore/sem_getvalue.c
CC:  common/up_releasestack.c
CC:  pthread/pthread_condtimedwait.c
CC:  signal/sig_addset.c
CC:  armv7-m/up_reprioritizertr.c
CC:  signal/sig_delset.c
CC:  pthread/pthread_kill.c
CC:  syslog/vsyslog.c
CC:  armv7-m/up_schedulesigaction.c
CC:  signal/sig_emptyset.c
CC:  pthread/pthread_sigmask.c
CC:  signal/sig_fillset.c
CC:  armv7-m/up_sigdeliver.c
CC:  sched/sched_garbage.c
CC:  signal/sig_hold.c
CC:  signal/sig_ignore.c
CC:  syslog/syslog_stream.c
CC:  sched/sched_getfiles.c
CC:  common/up_stackframe.c
CC:  signal/sig_ismember.c
CC:  fat/fs_fat32attrib.c
CC:  sched/sched_addreadytorun.c
CC:  signal/sig_pause.c
CC:  armv7-m/up_svcall.c
CC:  sched/sched_removereadytorun.c
CC:  signal/sig_psignal.c
CC:  armv7-m/up_systemreset.c
CC:  fat/fs_fat32util.c
CC:  syslog/syslog_emergstream.c
CC:  armv7-m/up_trigger_irq.c
CC:  sched/sched_addprioritized.c
CC:  signal/sig_raise.c
CC:  armv7-m/up_unblocktask.c
CC:  sched/sched_mergeprioritized.c
CC:  signal/sig_relse.c
CC:  signal/sig_set.c
CC:  common/up_udelay.c
CC:  sched/sched_mergepending.c
CC:  signal/sig_signal.c
CC:  syslog/syslog_channel.c
CC:  signal/sig_wait.c
CC:  common/up_usestack.c
CC:  sched/sched_addblocked.c
CC:  spawn/lib_psfa_addaction.c
CC:  armv7-m/up_doirq.c
CC:  sched/sched_removeblocked.c
CC:  romfs/fs_romfs.c
CC:  spawn/lib_psfa_addclose.c
CC:  sched/sched_free.c
CC:  syslog/syslog_putc.c
CC:  common/up_vfork.c
CC:  spawn/lib_psfa_adddup2.c
CC:  spawn/lib_psfa_addopen.c
CC:  armv7-m/up_vectors.c
CC:  sched/sched_gettcb.c
CC:  common/up_checkstack.c
CC:  romfs/fs_romfsutil.c
CC:  sched/sched_verifytcb.c
CC:  spawn/lib_psfa_destroy.c
CC:  syslog/syslog_write.c
CC:  sched/sched_releasetcb.c
CC:  spawn/lib_psfa_init.c
CC:  armv7-m/up_copyarmstate.c
CC:  sched/sched_getsockets.c
AR:  up_saveusercontext.o up_fullcontextrestore.o up_switchcontext.o up_testset.o up_fetchadd.o vfork.o up_exception.o up_fpu.o stm32_allocateheap.o stm32_start.o stm32_rcc.o stm32_lse.o stm32_lsi.o stm32_gpio.o stm32_exti_gpio.o stm32_flash.o stm32_irq.o stm32_dma.o stm32_lowputc.o stm32_serial.o stm32_spi.o stm32_i2s.o stm32_sdio.o stm32_tim.o stm32_waste.o stm32_ccm.o stm32_uid.o stm32_capture.o stm32_timerisr.o stm32f40xxx_i2c.o stm32_otgfsdev.o stm32_idle.o stm32_pmstop.o stm32_pmstandby.o stm32_pmsleep.o stm32_pminitialize.o stm32_pwr.o stm32_exti_pwr.o stm32_rtc.o stm32_adc.o stm32_wwdg.o stm32_bbsram.o up_assert.o up_blocktask.o up_copyfullstate.o up_createstack.o up_exit.o up_hardfault.o up_initialize.o up_initialstate.o up_interruptcontext.o up_mdelay.o up_memfault.o up_modifyreg8.o up_modifyreg16.o up_modifyreg32.o up_releasepending.o up_releasestack.o up_reprioritizertr.o up_schedulesigaction.o up_sigdeliver.o up_stackframe.o up_svcall.o up_systemreset.o up_trigger_irq.o up_unblocktask.o up_udelay.o up_usestack.o up_doirq.o up_vfork.o up_vectors.o up_checkstack.o up_copyarmstate.o
CC:  spawn/lib_psa_getflags.c
CC:  cromfs/fs_cromfs.c
CC:  sched/sched_getstreams.c
CC:  spawn/lib_psa_getschedparam.c
CC:  syslog/syslog_force.c
CC:  sched/sched_setparam.c
CC:  spawn/lib_psa_getschedpolicy.c
CC:  spawn/lib_psa_init.c
CC:  sched/sched_setpriority.c
CC:  binfs/fs_binfs.c
CC:  spawn/lib_psa_setflags.c
CC:  sched/sched_getparam.c
CC:  syslog/syslog_flush.c
CC:  spawn/lib_psa_setschedparam.c
CC:  procfs/fs_procfs.c
CC:  sched/sched_setscheduler.c
CC:  spawn/lib_psa_setschedpolicy.c
CC:  spawn/lib_psa_getsigmask.c
CC:  sched/sched_getscheduler.c
CC:  syslog/syslog_initialize.c
CC:  spawn/lib_psa_setsigmask.c
CC:  sched/sched_yield.c
CC:  procfs/fs_procfsutil.c
CC:  spawn/lib_psa_getstacksize.c
CC:  sched/sched_rrgetinterval.c
CC:  procfs/fs_procfsproc.c
CC:  spawn/lib_psa_setstacksize.c
CC:  sched/sched_foreach.c
CC:  syslog/syslog_device.c
CC:  stdio/lib_fileno.c
CC:  sched/sched_lock.c
CC:  stdio/lib_printf.c
CC:  sched/sched_unlock.c
CC:  procfs/fs_procfsuptime.c
CC:  stdio/lib_sprintf.c
CC:  sched/sched_lockcount.c
CC:  stdio/lib_asprintf.c
CC:  procfs/fs_procfscpuload.c
CC:  syslog/syslog_consolechannel.c
CC:  sched/sched_idletask.c
CC:  stdio/lib_snprintf.c
CC:  procfs/fs_procfsmeminfo.c
CC:  sched/sched_self.c
CC:  stdio/lib_libsprintf.c
CC:  procfs/fs_procfsversion.c
CC:  sched/sched_reprioritize.c
CC:  stdio/lib_vsprintf.c
CC:  timers/watchdog.c
CC:  sched/sched_suspend.c
AR:   fs_initialize.o fs_files.o fs_foreachinode.o fs_inode.o fs_inodeaddref.o fs_inodebasename.o fs_inodefind.o fs_inodefree.o fs_inoderelease.o fs_inoderemove.o fs_inodereserve.o fs_inodesearch.o fs_fileopen.o fs_filedetach.o fs_fileclose.o fs_close.o fs_dup.o fs_dup2.o fs_fcntl.o fs_dupfd.o fs_dupfd2.o fs_epoll.o fs_fstat.o fs_fstatfs.o fs_getfilep.o fs_ioctl.o fs_lseek.o fs_mkdir.o fs_open.o fs_poll.o fs_read.o fs_rename.o fs_rmdir.o fs_statfs.o fs_stat.o fs_select.o fs_unlink.o fs_write.o fs_fsync.o fs_truncate.o fs_pread.o fs_pwrite.o fs_link.o fs_readlink.o fs_fdopen.o fs_registerdriver.o fs_unregisterdriver.o fs_registerblockdriver.o fs_unregisterblockdriver.o fs_findblockdriver.o fs_openblockdriver.o fs_closeblockdriver.o fs_blockpartition.o fs_registermtddriver.o fs_unregistermtddriver.o fs_findmtddriver.o fs_mtdproxy.o fs_mtdpartition.o fs_blockproxy.o fs_closedir.o fs_opendir.o fs_readdir.o fs_rewinddir.o fs_seekdir.o fs_mmap.o mq_open.o mq_close.o mq_unlink.o fs_mount.o fs_umount2.o fs_foreachmountpoint.o fs_partition.o fs_fat32.o fs_fat32dirent.o fs_fat32attrib.o fs_fat32util.o fs_romfs.o fs_romfsutil.o fs_cromfs.o fs_binfs.o fs_procfs.o fs_procfsutil.o fs_procfsproc.o fs_procfsuptime.o fs_procfscpuload.o fs_procfsmeminfo.o fs_procfsversion.o
CC:  stdio/lib_vasprintf.c
CC:  sched/sched_continue.c
CC:  stdio/lib_vsnprintf.c
CC:  sched/sched_waitpid.c
CC:  stdio/lib_libvsprintf.c
CC:  usbdev/cdcacm.c
CC:  sched/sched_suspendscheduler.c
CC:  sched/sched_resumescheduler.c
CC:  sched/sched_processtimer.c
CC:  semaphore/sem_destroy.c
CC:  stdio/lib_dprintf.c
CC:  semaphore/sem_wait.c
CC:  stdio/lib_vdprintf.c
CC:  semaphore/sem_trywait.c
CC:  stdio/lib_meminstream.c
CC:  semaphore/sem_tickwait.c
CC:  stdio/lib_memoutstream.c
CC:  usbdev/cdcacm_desc.c
CC:  stdio/lib_memsistream.c
CC:  semaphore/sem_timedwait.c
CC:  stdio/lib_memsostream.c
CC:  semaphore/sem_timeout.c
CC:  stdio/lib_lowoutstream.c
CC:  semaphore/sem_post.c
CC:  usbdev/usbdev_trace.c
CC:  stdio/lib_zeroinstream.c
CC:  semaphore/sem_recover.c
CC:  stdio/lib_nullinstream.c
CC:  semaphore/sem_reset.c
CC:  stdio/lib_nulloutstream.c
CC:  usbdev/usbdev_trprintf.c
CC:  semaphore/sem_waitirq.c
CC:  stdio/lib_sscanf.c
CC:  semaphore/sem_initialize.c
CC:  semaphore/sem_holder.c
CC:  stdio/lib_libnoflush.c
CC:  usbhost/hid_parser.c
CC:  stdio/lib_libsnoflush.c
CC:  semaphore/sem_setprotocol.c
CC:  stdio/lib_rawinstream.c
CC:  signal/sig_initialize.c
CC:  stdio/lib_rawoutstream.c
CC:  stdio/lib_rawsistream.c
CC:  signal/sig_action.c
CC:  dev_null.c
CC:  stdio/lib_rawsostream.c
CC:  signal/sig_procmask.c
CC:  stdio/lib_remove.c
CC:  stdio/lib_fopen.c
CC:  signal/sig_pending.c
CC:  dev_zero.c
CC:  signal/sig_suspend.c
CC:  stdio/lib_freopen.c
CC:  stdio/lib_fclose.c
CC:  signal/sig_kill.c
CC:  ramdisk.c
CC:  signal/sig_queue.c
CC:  stdio/lib_fread.c
CC:  signal/sig_waitinfo.c
CC:  stdio/lib_libfread.c
AR:   bchlib_setup.o bchlib_teardown.o bchlib_read.o bchlib_write.o bchlib_cache.o bchlib_sem.o bchdev_register.o bchdev_unregister.o bchdev_driver.o i2c_read.o i2c_write.o i2c_writeread.o losetup.o mmcsd_sdio.o ftl.o mtd_config.o mtd_partition.o ramtron.o pipe.o fifo.o pipe_common.o serial.o serial_io.o lowconsole.o tcdrain.o spi_transfer.o vsyslog.o syslog_stream.o syslog_emergstream.o syslog_channel.o syslog_putc.o syslog_write.o syslog_force.o syslog_flush.o syslog_initialize.o syslog_device.o syslog_consolechannel.o watchdog.o cdcacm.o cdcacm_desc.o usbdev_trace.o usbdev_trprintf.o hid_parser.o dev_null.o dev_zero.o ramdisk.o
CC:  signal/sig_timedwait.c
CC:  stdio/lib_fseek.c
CC:  signal/sig_findaction.c
CC:  stdio/lib_ftell.c
CC:  signal/sig_allocpendingsigaction.c
CC:  stdio/lib_fsetpos.c
CC:  signal/sig_releasependingsigaction.c
CC:  stdio/lib_fgetpos.c
CC:  signal/sig_unmaskpendingsignal.c
CC:  stdio/lib_fgetc.c
CC:  signal/sig_removependingsignal.c
CC:  stdio/lib_fgets.c
CC:  signal/sig_releasependingsignal.c
CC:  stdio/lib_gets_s.c
CC:  stdio/lib_gets.c
CC:  signal/sig_lowest.c
CC:  stdio/lib_libfgets.c
CC:  signal/sig_notification.c
CC:  signal/sig_cleanup.c
CC:  stdio/lib_fwrite.c
CC:  stdio/lib_libfwrite.c
CC:  signal/sig_dispatch.c
CC:  stdio/lib_fflush.c
CC:  signal/sig_deliver.c
CC:  stdio/lib_libflushall.c
CC:  signal/sig_pause.c
CC:  stdio/lib_libfflush.c
CC:  signal/sig_nanosleep.c
CC:  stdio/lib_rdflush.c
CC:  signal/sig_usleep.c
CC:  signal/sig_sleep.c
CC:  stdio/lib_wrflush.c
CC:  signal/sig_default.c
CC:  stdio/lib_fputc.c
CC:  stdio/lib_puts.c
CC:  signal/sig_ppoll.c
CC:  stdio/lib_fputs.c
CC:  signal/sig_pselect.c
CC:  stdio/lib_ungetc.c
CC:  task/task_create.c
CC:  stdio/lib_vprintf.c
CC:  task/task_init.c
CC:  stdio/lib_fprintf.c
CC:  task/task_setup.c
CC:  stdio/lib_vfprintf.c
CC:  stdio/lib_stdinstream.c
CC:  task/task_activate.c
CC:  stdio/lib_stdoutstream.c
CC:  task/task_start.c
CC:  stdio/lib_stdsistream.c
CC:  task/task_delete.c
CC:  stdio/lib_stdsostream.c
CC:  task/task_exit.c
CC:  stdio/lib_perror.c
CC:  task/task_exithook.c
CC:  stdio/lib_feof.c
CC:  task/task_getgroup.c
CC:  stdio/lib_ferror.c
CC:  task/task_getpid.c
CC:  stdio/lib_clearerr.c
CC:  stdio/lib_tempnam.c
CC:  task/task_prctl.c
CC:  stdio/lib_tmpnam.c
CC:  task/task_recover.c
CC:  stdio/lib_setbuf.c
CC:  task/task_restart.c
CC:  stdio/lib_setvbuf.c
CC:  task/task_spawnparms.c
CC:  stdio/lib_dtoa.c
CC:  task/task_setcancelstate.c
CC:  task/task_terminate.c
CC:  task/exit.c
CC:  task/task_vfork.c
CC:  task/task_spawn.c
CC:  task/task_atexit.c
CC:  stdlib/lib_abs.c
CC:  timer/timer_initialize.c
CC:  stdlib/lib_abort.c
CC:  timer/timer_create.c
CC:  stdlib/lib_div.c
CC:  stdlib/lib_ldiv.c
CC:  timer/timer_delete.c
CC:  stdlib/lib_lldiv.c
CC:  timer/timer_getoverrun.c
CC:  stdlib/lib_itoa.c
CC:  timer/timer_gettime.c
CC:  stdlib/lib_labs.c
CC:  timer/timer_settime.c
CC:  stdlib/lib_llabs.c
CC:  stdlib/lib_bsearch.c
CC:  timer/timer_release.c
CC:  stdlib/lib_rand.c
CC:  wdog/wd_initialize.c
CC:  stdlib/lib_qsort.c
CC:  wdog/wd_create.c
CC:  wdog/wd_start.c
CC:  stdlib/lib_srand.c
CC:  stdlib/lib_strtol.c
Makefile:77: recipe for target 'wd_start.o' failed
CC:  stdlib/lib_strtoll.c
CC:  stdlib/lib_strtoul.c
CC:  stdlib/lib_strtoull.c
CC:  stdlib/lib_strtod.c
CC:  stdlib/lib_strtof.c
CC:  stdlib/lib_strtold.c
CC:  stdlib/lib_checkbase.c
CC:  stdlib/lib_mktemp.c
CC:  stdlib/lib_mkstemp.c
CC:  string/lib_ffs.c
CC:  string/lib_ffsl.c
CC:  string/lib_ffsll.c
CC:  string/lib_fls.c
CC:  string/lib_flsl.c
CC:  string/lib_flsll.c
CC:  string/lib_isbasedigit.c
CC:  string/lib_memset.c
CC:  string/lib_memchr.c
CC:  string/lib_memccpy.c
CC:  string/lib_memcmp.c
CC:  string/lib_memmove.c
CC:  string/lib_memrchr.c
CC:  string/lib_skipspace.c
CC:  string/lib_stpcpy.c
CC:  string/lib_stpncpy.c
CC:  string/lib_strcasecmp.c
CC:  string/lib_strcat.c
CC:  string/lib_strchr.c
CC:  string/lib_strcpy.c
CC:  string/lib_strcmp.c
CC:  string/lib_strcspn.c
CC:  string/lib_strdup.c
CC:  string/lib_strerror.c
CC:  string/lib_strlen.c
CC:  string/lib_strnlen.c
CC:  string/lib_strncasecmp.c
CC:  string/lib_strncat.c
CC:  string/lib_strncmp.c
CC:  string/lib_strncpy.c
CC:  string/lib_strndup.c
CC:  string/lib_strcasestr.c
CC:  string/lib_strpbrk.c
CC:  string/lib_strrchr.c
CC:  string/lib_strspn.c
CC:  string/lib_strstr.c
CC:  string/lib_strtok.c
CC:  string/lib_strtokr.c
CC:  string/lib_strerrorr.c
CC:  string/lib_explicit_bzero.c
CC:  string/lib_strsignal.c
CC:  symtab/symtab_findbyname.c
CC:  symtab/symtab_findbyvalue.c
CC:  symtab/symtab_findorderedbyname.c
CC:  symtab/symtab_findorderedbyvalue.c
CC:  syslog/lib_syslog.c
CC:  syslog/lib_setlogmask.c
CC:  termios/lib_cfgetspeed.c
CC:  termios/lib_cfsetspeed.c
CC:  termios/lib_cfmakeraw.c
CC:  termios/lib_isatty.c
CC:  termios/lib_tcflush.c
CC:  termios/lib_tcflow.c
CC:  termios/lib_tcgetattr.c
CC:  termios/lib_tcsetattr.c
CC:  time/lib_strftime.c
CC:  time/lib_calendar2utc.c
CC:  time/lib_daysbeforemonth.c
CC:  time/lib_gettimeofday.c
CC:  time/lib_isleapyear.c
CC:  time/lib_settimeofday.c
CC:  time/lib_time.c
CC:  time/lib_difftime.c
CC:  time/lib_nanosleep.c
CC:  time/lib_mktime.c
CC:  time/lib_gmtime.c
CC:  time/lib_gmtimer.c
CC:  time/lib_dayofweek.c
CC:  time/lib_asctime.c
CC:  time/lib_asctimer.c
CC:  time/lib_ctime.c
CC:  time/lib_ctimer.c
CC:  uio/lib_readv.c
CC:  uio/lib_writev.c
CC:  unistd/lib_access.c
CC:  unistd/lib_daemon.c
CC:  unistd/lib_swab.c
CC:  unistd/lib_sysconf.c
CC:  unistd/lib_getopt.c
CC:  unistd/lib_getoptargp.c
CC:  unistd/lib_getoptindp.c
CC:  unistd/lib_getoptoptp.c
CC:  unistd/lib_chdir.c
CC:  unistd/lib_getcwd.c
CC:  unistd/lib_truncate.c
CC:  unistd/lib_pipe.c
CC:  unistd/lib_sleep.c
CC:  unistd/lib_usleep.c
AR:   bin/arch_memcpy.o  bin/lib_readdirr.o  bin/lib_telldir.o  bin/lib_swap16.o  bin/lib_swap32.o  bin/lib_swap64.o  bin/lib_fixedmath.o  bin/lib_b16sin.o  bin/lib_b16cos.o  bin/lib_b16atan2.o  bin/lib_ubsqrt.o  bin/lib_imaxabs.o  bin/lib_strtoimax.o  bin/lib_strtoumax.o  bin/lib_basename.o  bin/lib_dirname.o  bin/lzf_c.o  bin/lzf_d.o  bin/lib_stream.o  bin/lib_utsname.o  bin/lib_xorshift128.o  bin/lib_tea_encrypt.o  bin/lib_tea_decrypt.o  bin/lib_filesem.o  bin/lib_umul32.o  bin/lib_umul64.o  bin/lib_umul32x64.o  bin/lib_uadd32x64.o  bin/lib_uadd64.o  bin/lib_usub64x32.o  bin/lib_usub64.o  bin/lib_sendfile.o  bin/lib_streamsem.o  bin/lib_mkfifo.o  bin/lib_crc64.o  bin/lib_crc32.o  bin/lib_crc16.o  bin/lib_crc8.o  bin/lib_crc8ccitt.o  bin/lib_dumpbuffer.o  bin/lib_match.o  bin/lib_addrconfig.o  bin/lib_etherntoa.o  bin/lib_htons.o  bin/lib_htonl.o  bin/lib_inetaddr.o  bin/lib_inetaton.o  bin/lib_inetntoa.o  bin/lib_inetntop.o  bin/lib_inetpton.o  bin/pthread_attr_init.o  bin/pthread_attr_destroy.o  bin/pthread_attr_setschedpolicy.o  bin/pthread_attr_getschedpolicy.o  bin/pthread_attr_setinheritsched.o  bin/pthread_attr_getinheritsched.o  bin/pthread_attr_setstacksize.o  bin/pthread_attr_getstacksize.o  bin/pthread_attr_setstack.o  bin/pthread_attr_getstack.o  bin/pthread_attr_setschedparam.o  bin/pthread_attr_getschedparam.o  bin/pthread_barrierattr_init.o  bin/pthread_barrierattr_destroy.o  bin/pthread_barrierattr_getpshared.o  bin/pthread_barrierattr_setpshared.o  bin/pthread_barrierinit.o  bin/pthread_barrierdestroy.o  bin/pthread_barrierwait.o  bin/pthread_condattr_init.o  bin/pthread_condattr_destroy.o  bin/pthread_condinit.o  bin/pthread_conddestroy.o  bin/pthread_mutexattr_init.o  bin/pthread_mutexattr_destroy.o  bin/pthread_mutexattr_getpshared.o  bin/pthread_mutexattr_setpshared.o  bin/pthread_mutexattr_setprotocol.o  bin/pthread_mutexattr_getprotocol.o  bin/pthread_mutexattr_settype.o  bin/pthread_mutexattr_gettype.o  bin/pthread_mutexattr_setrobust.o  bin/pthread_mutexattr_getrobust.o  bin/pthread_setcancelstate.o  bin/pthread_setcanceltype.o  bin/pthread_testcancel.o  bin/pthread_rwlock.o  bin/pthread_rwlock_rdlock.o  bin/pthread_rwlock_wrlock.o  bin/pthread_once.o  bin/pthread_yield.o  bin/sq_addlast.o  bin/sq_addfirst.o  bin/sq_addafter.o  bin/sq_cat.o  bin/sq_rem.o  bin/sq_remlast.o  bin/sq_remfirst.o  bin/sq_remafter.o  bin/sq_count.o  bin/dq_addlast.o  bin/dq_addfirst.o  bin/dq_addafter.o  bin/dq_addbefore.o  bin/dq_cat.o  bin/dq_rem.o  bin/dq_remlast.o  bin/dq_remfirst.o  bin/dq_count.o  bin/sched_getprioritymax.o  bin/sched_getprioritymin.o  bin/task_setcanceltype.o  bin/task_testcancel.o  bin/sem_init.o  bin/sem_getprotocol.o  bin/sem_getvalue.o  bin/sig_addset.o  bin/sig_delset.o  bin/sig_emptyset.o  bin/sig_fillset.o  bin/sig_hold.o  bin/sig_ignore.o  bin/sig_ismember.o  bin/sig_pause.o  bin/sig_psignal.o  bin/sig_raise.o  bin/sig_relse.o  bin/sig_set.o  bin/sig_signal.o  bin/sig_wait.o  bin/lib_psfa_addaction.o  bin/lib_psfa_addclose.o  bin/lib_psfa_adddup2.o  bin/lib_psfa_addopen.o  bin/lib_psfa_destroy.o  bin/lib_psfa_init.o  bin/lib_psa_getflags.o  bin/lib_psa_getschedparam.o  bin/lib_psa_getschedpolicy.o  bin/lib_psa_init.o  bin/lib_psa_setflags.o  bin/lib_psa_setschedparam.o  bin/lib_psa_setschedpolicy.o  bin/lib_psa_getsigmask.o  bin/lib_psa_setsigmask.o  bin/lib_psa_getstacksize.o  bin/lib_psa_setstacksize.o  bin/lib_fileno.o  bin/lib_printf.o  bin/lib_sprintf.o  bin/lib_asprintf.o  bin/lib_snprintf.o  bin/lib_libsprintf.o  bin/lib_vsprintf.o  bin/lib_vasprintf.o  bin/lib_vsnprintf.o  bin/lib_libvsprintf.o  bin/lib_dprintf.o  bin/lib_vdprintf.o  bin/lib_meminstream.o  bin/lib_memoutstream.o  bin/lib_memsistream.o  bin/lib_memsostream.o  bin/lib_lowoutstream.o  bin/lib_zeroinstream.o  bin/lib_nullinstream.o  bin/lib_nulloutstream.o  bin/lib_sscanf.o  bin/lib_libnoflush.o  bin/lib_libsnoflush.o  bin/lib_rawinstream.o  bin/lib_rawoutstream.o  bin/lib_rawsistream.o  bin/lib_rawsostream.o  bin/lib_remove.o  bin/lib_fopen.o  bin/lib_freopen.o  bin/lib_fclose.o  bin/lib_fread.o  bin/lib_libfread.o  bin/lib_fseek.o  bin/lib_ftell.o  bin/lib_fsetpos.o  bin/lib_fgetpos.o  bin/lib_fgetc.o  bin/lib_fgets.o  bin/lib_gets_s.o  bin/lib_gets.o  bin/lib_libfgets.o  bin/lib_fwrite.o  bin/lib_libfwrite.o  bin/lib_fflush.o  bin/lib_libflushall.o  bin/lib_libfflush.o  bin/lib_rdflush.o  bin/lib_wrflush.o  bin/lib_fputc.o  bin/lib_puts.o  bin/lib_fputs.o  bin/lib_ungetc.o  bin/lib_vprintf.o  bin/lib_fprintf.o  bin/lib_vfprintf.o  bin/lib_stdinstream.o  bin/lib_stdoutstream.o  bin/lib_stdsistream.o  bin/lib_stdsostream.o  bin/lib_perror.o  bin/lib_feof.o  bin/lib_ferror.o  bin/lib_clearerr.o  bin/lib_tempnam.o  bin/lib_tmpnam.o  bin/lib_setbuf.o  bin/lib_setvbuf.o  bin/lib_dtoa.o  bin/lib_abs.o  bin/lib_abort.o  bin/lib_div.o  bin/lib_ldiv.o  bin/lib_lldiv.o  bin/lib_itoa.o  bin/lib_labs.o  bin/lib_llabs.o  bin/lib_bsearch.o  bin/lib_rand.o  bin/lib_qsort.o  bin/lib_srand.o  bin/lib_strtol.o  bin/lib_strtoll.o  bin/lib_strtoul.o  bin/lib_strtoull.o  bin/lib_strtod.o  bin/lib_strtof.o  bin/lib_strtold.o  bin/lib_checkbase.o  bin/lib_mktemp.o  bin/lib_mkstemp.o  bin/lib_ffs.o  bin/lib_ffsl.o  bin/lib_ffsll.o  bin/lib_fls.o  bin/lib_flsl.o  bin/lib_flsll.o  bin/lib_isbasedigit.o  bin/lib_memset.o  bin/lib_memchr.o  bin/lib_memccpy.o  bin/lib_memcmp.o  bin/lib_memmove.o  bin/lib_memrchr.o  bin/lib_skipspace.o  bin/lib_stpcpy.o  bin/lib_stpncpy.o  bin/lib_strcasecmp.o  bin/lib_strcat.o  bin/lib_strchr.o  bin/lib_strcpy.o  bin/lib_strcmp.o  bin/lib_strcspn.o  bin/lib_strdup.o  bin/lib_strerror.o  bin/lib_strlen.o  bin/lib_strnlen.o  bin/lib_strncasecmp.o  bin/lib_strncat.o  bin/lib_strncmp.o  bin/lib_strncpy.o  bin/lib_strndup.o  bin/lib_strcasestr.o  bin/lib_strpbrk.o  bin/lib_strrchr.o  bin/lib_strspn.o  bin/lib_strstr.o  bin/lib_strtok.o  bin/lib_strtokr.o  bin/lib_strerrorr.o  bin/lib_explicit_bzero.o  bin/lib_strsignal.o  bin/symtab_findbyname.o  bin/symtab_findbyvalue.o  bin/symtab_findorderedbyname.o  bin/symtab_findorderedbyvalue.o  bin/lib_syslog.o  bin/lib_setlogmask.o  bin/lib_cfgetspeed.o  bin/lib_cfsetspeed.o  bin/lib_cfmakeraw.o  bin/lib_isatty.o  bin/lib_tcflush.o  bin/lib_tcflow.o  bin/lib_tcgetattr.o  bin/lib_tcsetattr.o  bin/lib_strftime.o  bin/lib_calendar2utc.o  bin/lib_daysbeforemonth.o  bin/lib_gettimeofday.o  bin/lib_isleapyear.o  bin/lib_settimeofday.o  bin/lib_time.o  bin/lib_difftime.o  bin/lib_nanosleep.o  bin/lib_mktime.o  bin/lib_gmtime.o  bin/lib_gmtimer.o  bin/lib_dayofweek.o  bin/lib_asctime.o  bin/lib_asctimer.o  bin/lib_ctime.o  bin/lib_ctimer.o  bin/lib_readv.o  bin/lib_writev.o  bin/lib_access.o  bin/lib_daemon.o  bin/lib_swab.o  bin/lib_sysconf.o  bin/lib_getopt.o  bin/lib_getoptargp.o  bin/lib_getoptindp.o  bin/lib_getoptoptp.o  bin/lib_chdir.o  bin/lib_getcwd.o  bin/lib_truncate.o  bin/lib_pipe.o  bin/lib_sleep.o  bin/lib_usleep.o
