Determining if the pthread_create exist failed with the following output:
Change Dir: /home/hojin/drone_ws/ethz_ws/ethzasl_fw_px4/build/px4_sitl_default/build_gazebo/CMakeFiles/CMakeTmp

Run Build Command:"/usr/bin/ninja" "cmTC_12700"
[1/2] Building C object CMakeFiles/cmTC_12700.dir/CheckSymbolExists.c.o
[2/2] Linking C executable cmTC_12700
FAILED: cmTC_12700 
: && /usr/bin/cc    CMakeFiles/cmTC_12700.dir/CheckSymbolExists.c.o  -o cmTC_12700   && :
CMakeFiles/cmTC_12700.dir/CheckSymbolExists.c.o: In function `main':
CheckSymbolExists.c:(.text+0x1b): undefined reference to `pthread_create'
collect2: error: ld returned 1 exit status
ninja: build stopped: subcommand failed.

File /home/hojin/drone_ws/ethz_ws/ethzasl_fw_px4/build/px4_sitl_default/build_gazebo/CMakeFiles/CMakeTmp/CheckSymbolExists.c:
/* */
#include <pthread.h>

int main(int argc, char** argv)
{
  (void)argv;
#ifndef pthread_create
  return ((int*)(&pthread_create))[argc];
#else
  (void)argc;
  return 0;
#endif
}

Determining if the function pthread_create exists in the pthreads failed with the following output:
Change Dir: /home/hojin/drone_ws/ethz_ws/ethzasl_fw_px4/build/px4_sitl_default/build_gazebo/CMakeFiles/CMakeTmp

Run Build Command:"/usr/bin/ninja" "cmTC_fe58f"
[1/2] Building C object CMakeFiles/cmTC_fe58f.dir/CheckFunctionExists.c.o
[2/2] Linking C executable cmTC_fe58f
FAILED: cmTC_fe58f 
: && /usr/bin/cc -DCHECK_FUNCTION_EXISTS=pthread_create   CMakeFiles/cmTC_fe58f.dir/CheckFunctionExists.c.o  -o cmTC_fe58f  -lpthreads && :
/usr/bin/ld: cannot find -lpthreads
collect2: error: ld returned 1 exit status
ninja: build stopped: subcommand failed.


